* Starting client
* Connecting to master process on port 5371
* Analyzing classpath: 
  - C:\Users\Hardik Rana\Intellij_projects\CoreBanking\target\test-classes
  - C:\Users\Hardik Rana\Intellij_projects\CoreBanking\target\classes
  - C:\Users\Hardik Rana\.m2\repository\junit\junit\4.11\junit-4.11.jar
  - C:\Users\Hardik Rana\.m2\repository\org\hamcrest\hamcrest-core\1.3\hamcrest-core-1.3.jar
* Finished analyzing classpath
* Generating tests for class io.diffblue.corebanking.client.Client
* Test criteria:
  - Line Coverage
  - Branch Coverage
  - Exception
  - Mutation testing (weak)
  - Method-Output Coverage
  - Top-Level Method Coverage
  - No-Exception Top-Level Method Coverage
  - Context Branch Coverage
* Setting up search algorithm for whole suite generation
[MASTER] 17:04:45.823 [pool-2-thread-1] WARN  TestSuiteSerialization - Cannot load tests because file does not exist: C:\Users\Hardik Rana\Intellij_projects\CoreBanking\.evosuite\evosuite-seeds\io.diffblue.corebanking.client.Client.seed
* Loaded 0 tests from C:\Users\Hardik Rana\Intellij_projects\CoreBanking\.evosuite\evosuite-seeds\io.diffblue.corebanking.client.Client.seed
* Total number of test goals: 
  - Line 15
  - Branch 8
  - Exception 0
  - MutationFactory 17
  - Output 12
  - Method 5
  - MethodNoException 5
  - CBranchFitnessFactory 8
* Using seed 1655897683952
* Starting evolution
* Search finished after 76s and 1597 generations, 327869 statements, best individual has fitness: 12.620833333333334
* Writing sequences to pool
* Minimizing test suite
* Going to analyze the coverage criteria
* Coverage analysis for criterion LINE
* Coverage of criterion LINE: 93%
* Total number of goals: 15
* Number of covered goals: 14
* Coverage analysis for criterion BRANCH
* Coverage of criterion BRANCH: 88%
* Total number of goals: 8
* Number of covered goals: 7
* Coverage analysis for criterion EXCEPTION
* Coverage of criterion EXCEPTION: 100%
* Total number of goals: 1
* Number of covered goals: 1
* Coverage analysis for criterion WEAKMUTATION
* Coverage of criterion WEAKMUTATION: 76%
* Total number of goals: 17
* Number of covered goals: 13
* Coverage analysis for criterion OUTPUT
* Coverage of criterion OUTPUT: 67%
* Total number of goals: 12
* Number of covered goals: 8
* Coverage analysis for criterion METHOD
* Coverage of criterion METHOD: 100%
* Total number of goals: 5
* Number of covered goals: 5
* Coverage analysis for criterion METHODNOEXCEPTION
* Coverage of criterion METHODNOEXCEPTION: 100%
* Total number of goals: 5
* Number of covered goals: 5
* Coverage analysis for criterion CBRANCH
* Coverage of criterion CBRANCH: 88%
* Total number of goals: 8
* Number of covered goals: 7
* Generated 8 tests with total length 24
* Resulting test suite's coverage: 89% (average coverage for all fitness functions)
* Generating assertions
* Resulting test suite's mutation score: 71%
* Compiling and checking tests
* Writing JUnit test case 'Client_ESTest' to C:\Users\Hardik Rana\Intellij_projects\CoreBanking\.evosuite\tmp_2022_06_22_16_39_25\tests
* Done!

