* Starting client
* Connecting to master process on port 3864
* Analyzing classpath: 
  - C:\Users\Hardik Rana\Intellij_projects\CoreBanking\target\test-classes
  - C:\Users\Hardik Rana\Intellij_projects\CoreBanking\target\classes
  - C:\Users\Hardik Rana\.m2\repository\junit\junit\4.11\junit-4.11.jar
  - C:\Users\Hardik Rana\.m2\repository\org\hamcrest\hamcrest-core\1.3\hamcrest-core-1.3.jar
* Finished analyzing classpath
* Generating tests for class io.diffblue.corebanking.ui.menu.Menu
* Test criteria:
  - Line Coverage
  - Branch Coverage
  - Exception
  - Mutation testing (weak)
  - Method-Output Coverage
  - Top-Level Method Coverage
  - No-Exception Top-Level Method Coverage
  - Context Branch Coverage
* Setting up search algorithm for whole suite generation
[MASTER] 16:51:55.084 [pool-2-thread-1] WARN  TestSuiteSerialization - Cannot load tests because file does not exist: C:\Users\Hardik Rana\Intellij_projects\CoreBanking\.evosuite\evosuite-seeds\io.diffblue.corebanking.ui.menu.Menu.seed
* Loaded 0 tests from C:\Users\Hardik Rana\Intellij_projects\CoreBanking\.evosuite\evosuite-seeds\io.diffblue.corebanking.ui.menu.Menu.seed
* Total number of test goals: 
  - Line 28
  - Branch 11
  - Exception 0
  - MutationFactory 51
  - Output 0
  - Method 1
  - MethodNoException 1
  - CBranchFitnessFactory 11
* Using seed 1655896911950
* Starting evolution
* Search finished after 142s and 0 generations, 1527 statements, best individual has fitness: 47.16666666666667
* Writing sequences to pool
* Minimizing test suite
* Going to analyze the coverage criteria
* Coverage analysis for criterion LINE
* Coverage of criterion LINE: 82%
* Total number of goals: 28
* Number of covered goals: 23
* Coverage analysis for criterion BRANCH
* Coverage of criterion BRANCH: 45%
* Total number of goals: 11
* Number of covered goals: 5
* Coverage analysis for criterion EXCEPTION
* Coverage of criterion EXCEPTION: 100%
* Total number of goals: 1
* Number of covered goals: 1
* Coverage analysis for criterion WEAKMUTATION
* Coverage of criterion WEAKMUTATION: 55%
* Total number of goals: 51
* Number of covered goals: 28
* Coverage analysis for criterion OUTPUT
* Coverage of criterion OUTPUT: 100% (no goals)
* Coverage analysis for criterion METHOD
* Coverage of criterion METHOD: 100%
* Total number of goals: 1
* Number of covered goals: 1
* Coverage analysis for criterion METHODNOEXCEPTION
* Coverage of criterion METHODNOEXCEPTION: 0%
* Total number of goals: 1
* Number of covered goals: 0
* Coverage analysis for criterion CBRANCH
* Coverage of criterion CBRANCH: 45%
* Total number of goals: 11
* Number of covered goals: 5
* Generated 1 tests with total length 3
* Resulting test suite's coverage: 66% (average coverage for all fitness functions)
* Generating assertions
* Resulting test suite's mutation score: 0%
* Compiling and checking tests
* Writing JUnit test case 'Menu_ESTest' to C:\Users\Hardik Rana\Intellij_projects\CoreBanking\.evosuite\tmp_2022_06_22_16_39_25\tests
* Done!

