* Starting client
* Connecting to master process on port 19028
* Analyzing classpath: 
  - C:\Users\Hardik Rana\Intellij_projects\CoreBanking\target\test-classes
  - C:\Users\Hardik Rana\Intellij_projects\CoreBanking\target\classes
  - C:\Users\Hardik Rana\.m2\repository\junit\junit\4.11\junit-4.11.jar
  - C:\Users\Hardik Rana\.m2\repository\org\hamcrest\hamcrest-core\1.3\hamcrest-core-1.3.jar
* Finished analyzing classpath
* Generating tests for class io.diffblue.corebanking.transaction.Transaction
* Test criteria:
  - Line Coverage
  - Branch Coverage
  - Exception
  - Mutation testing (weak)
  - Method-Output Coverage
  - Top-Level Method Coverage
  - No-Exception Top-Level Method Coverage
  - Context Branch Coverage
* Setting up search algorithm for whole suite generation
[MASTER] 17:07:40.970 [pool-2-thread-1] WARN  TestSuiteSerialization - Cannot load tests because file does not exist: C:\Users\Hardik Rana\Intellij_projects\CoreBanking\.evosuite\evosuite-seeds\io.diffblue.corebanking.transaction.Transaction.seed
* Loaded 0 tests from C:\Users\Hardik Rana\Intellij_projects\CoreBanking\.evosuite\evosuite-seeds\io.diffblue.corebanking.transaction.Transaction.seed
* Total number of test goals: 
  - Line 37
  - Branch 9
  - Exception 0
  - MutationFactory 19
  - Output 16
  - Method 10
  - MethodNoException 10
  - CBranchFitnessFactory 9
* Using seed 1655897859225
* Starting evolution
* Search finished after 53s and 819 generations, 222195 statements, best individual has fitness: 8.142857142857142
* Writing sequences to pool
* Minimizing test suite
* Going to analyze the coverage criteria
* Coverage analysis for criterion LINE
* Coverage of criterion LINE: 100%
* Total number of goals: 37
* Number of covered goals: 37
* Coverage analysis for criterion BRANCH
* Coverage of criterion BRANCH: 100%
* Total number of goals: 9
* Number of covered goals: 9
* Coverage analysis for criterion EXCEPTION
* Coverage of criterion EXCEPTION: 100%
* Total number of goals: 6
* Number of covered goals: 6
* Coverage analysis for criterion WEAKMUTATION
* Coverage of criterion WEAKMUTATION: 100%
* Total number of goals: 19
* Number of covered goals: 19
* Coverage analysis for criterion OUTPUT
* Coverage of criterion OUTPUT: 56%
* Total number of goals: 16
* Number of covered goals: 9
* Coverage analysis for criterion METHOD
* Coverage of criterion METHOD: 100%
* Total number of goals: 10
* Number of covered goals: 10
* Coverage analysis for criterion METHODNOEXCEPTION
* Coverage of criterion METHODNOEXCEPTION: 100%
* Total number of goals: 10
* Number of covered goals: 10
* Coverage analysis for criterion CBRANCH
* Coverage of criterion CBRANCH: 89%
* Total number of goals: 9
* Number of covered goals: 8
* Generated 19 tests with total length 81
* Resulting test suite's coverage: 93% (average coverage for all fitness functions)
* Generating assertions
* Resulting test suite's mutation score: 85%
* Compiling and checking tests
* Writing JUnit test case 'Transaction_ESTest' to C:\Users\Hardik Rana\Intellij_projects\CoreBanking\.evosuite\tmp_2022_06_22_16_39_25\tests
* Done!

