* Starting client
* Connecting to master process on port 20173
* Analyzing classpath: 
  - C:\Users\Hardik Rana\Intellij_projects\CoreBanking\target\test-classes
  - C:\Users\Hardik Rana\Intellij_projects\CoreBanking\target\classes
  - C:\Users\Hardik Rana\.m2\repository\junit\junit\4.11\junit-4.11.jar
  - C:\Users\Hardik Rana\.m2\repository\org\hamcrest\hamcrest-core\1.3\hamcrest-core-1.3.jar
* Finished analyzing classpath
* Generating tests for class io.diffblue.corebanking.CoreBanking
* Test criteria:
  - Line Coverage
  - Branch Coverage
  - Exception
  - Mutation testing (weak)
  - Method-Output Coverage
  - Top-Level Method Coverage
  - No-Exception Top-Level Method Coverage
  - Context Branch Coverage
* Setting up search algorithm for whole suite generation
[MASTER] 17:00:22.981 [pool-2-thread-1] WARN  TestSuiteSerialization - Cannot load tests because file does not exist: C:\Users\Hardik Rana\Intellij_projects\CoreBanking\.evosuite\evosuite-seeds\io.diffblue.corebanking.CoreBanking.seed
* Loaded 0 tests from C:\Users\Hardik Rana\Intellij_projects\CoreBanking\.evosuite\evosuite-seeds\io.diffblue.corebanking.CoreBanking.seed
* Total number of test goals: 
  - Line 28
  - Branch 14
  - Exception 0
  - MutationFactory 44
  - Output 24
  - Method 7
  - MethodNoException 7
  - CBranchFitnessFactory 14
* Using seed 1655897421193
* Starting evolution
* Search finished after 115s and 75 generations, 36156 statements, best individual has fitness: 9.75
* Writing sequences to pool
* Minimizing test suite
* Going to analyze the coverage criteria
* Coverage analysis for criterion LINE
* Coverage of criterion LINE: 100%
* Total number of goals: 28
* Number of covered goals: 28
* Coverage analysis for criterion BRANCH
* Coverage of criterion BRANCH: 100%
* Total number of goals: 14
* Number of covered goals: 14
* Coverage analysis for criterion EXCEPTION
* Coverage of criterion EXCEPTION: 100%
* Total number of goals: 3
* Number of covered goals: 3
* Coverage analysis for criterion WEAKMUTATION
* Coverage of criterion WEAKMUTATION: 93%
* Total number of goals: 44
* Number of covered goals: 41
* Coverage analysis for criterion OUTPUT
* Coverage of criterion OUTPUT: 67%
* Total number of goals: 24
* Number of covered goals: 16
* Coverage analysis for criterion METHOD
* Coverage of criterion METHOD: 100%
* Total number of goals: 7
* Number of covered goals: 7
* Coverage analysis for criterion METHODNOEXCEPTION
* Coverage of criterion METHODNOEXCEPTION: 100%
* Total number of goals: 7
* Number of covered goals: 7
* Coverage analysis for criterion CBRANCH
* Coverage of criterion CBRANCH: 100%
* Total number of goals: 14
* Number of covered goals: 14
* Generated 12 tests with total length 40
* Resulting test suite's coverage: 95% (average coverage for all fitness functions)
* Generating assertions
* Resulting test suite's mutation score: 59%
* Compiling and checking tests
* Writing JUnit test case 'CoreBanking_ESTest' to C:\Users\Hardik Rana\Intellij_projects\CoreBanking\.evosuite\tmp_2022_06_22_16_39_25\tests
* Done!

